<?xml version="1.0" encoding="UTF-8"?>
<testng-results ignored="0" total="1" passed="1" failed="0" skipped="0">
  <reporter-output>
  </reporter-output>
  <suite started-at="2024-08-23T16:47:53 IST" name="Default suite" finished-at="2024-08-23T16:47:53 IST" duration-ms="96">
    <groups>
    </groups>
    <test started-at="2024-08-23T16:47:53 IST" name="Default test" finished-at="2024-08-23T16:47:53 IST" duration-ms="96">
      <class name="Git.testGit">
        <test-method signature="name()[pri:0, instance:Git.testGit@209da20d]" started-at="2024-08-23T16:47:53 IST" name="name" finished-at="2024-08-23T16:47:53 IST" duration-ms="12" status="PASS">
          <reporter-output>
          </reporter-output>
        </test-method> <!-- name -->
      </class> <!-- Git.testGit -->
    </test> <!-- Default test -->
  </suite> <!-- Default suite -->
</testng-results>
